producer_class	xtools.gsea.Gsea
producer_timestamp	1754989731838
param	zip_report	false
param	num	100
param	scoring_scheme	weighted
param	norm	meandiv
param	out	C:\Users\domie\gsea_home\output\aug12
param	mode	Max_probe
param	include_only_symbols	true
param	set_max	500
param	gmx	C:\Users\domie\Documents\CUTandRUN\MafB_Mac_genes.grp
param	plot_top_x	20
param	nperm	1000
param	order	descending
param	rnd_seed	timestamp
param	rpt_label	my_analysis
param	set_min	15
param	res	C:\Users\domie\Documents\CUTandRUN\COUNTS_GSEA_Filtered.gct
param	create_svgs	false
param	cls	C:\Users\domie\gsea_home\output\aug12\WT_vs_KO.cls#KO_versus_WT
param	sort	real
param	create_gcts	false
param	help	false
param	save_rnd_lists	false
param	median	false
param	metric	Signal2Noise
param	make_sets	true
param	rnd_type	no_balance
param	gui	false
param	permute	gene_set
param	collapse	No_Collapse

file	C:\Users\domie\gsea_home\output\aug12\my_analysis.Gsea.1754989731838\index.html
